time="2024-12-10T19:23:06+03:00" level=info msg="create router" func="main.main()" file="app.go:23"
time="2024-12-10T19:23:06+03:00" level=info msg="register using handler" func="main.main()" file="app.go:26"
time="2024-12-10T19:24:21+03:00" level=info msg="create router" func="main.main()" file="app.go:23"
time="2024-12-10T19:24:21+03:00" level=info msg="register using handler" func="main.main()" file="app.go:26"
time="2024-12-10T19:24:52+03:00" level=info msg="create router" func="main.main()" file="app.go:23"
time="2024-12-10T19:24:52+03:00" level=info msg="register using handler" func="main.main()" file="app.go:26"
time="2024-12-10T19:42:55+03:00" level=info msg="create router" func="main.main()" file="app.go:22"
time="2024-12-10T19:42:55+03:00" level=info msg="register using handler" func="main.main()" file="app.go:25"
time="2024-12-10T19:42:55+03:00" level=info msg="start application" func="main.start()" file="app.go:35"
time="2024-12-10T19:42:55+03:00" level=info msg="server is listening port 1234" func="main.start()" file="app.go:49"
time="2024-12-10T21:44:30+03:00" level=info msg="create router" func="main.main()" file="app.go:26"
time="2024-12-10T21:44:30+03:00" level=info msg="read application configuration" func="tren3/internal/config.GetConfig.func1()" file="config.go:26"
time="2024-12-10T21:44:30+03:00" level=info func="tren3/internal/config.GetConfig.func1()" file="config.go:31"
time="2024-12-10T21:44:30+03:00" level=fatal msg="open config.yml: The system cannot find the file specified." func="tren3/internal/config.GetConfig.func1()" file="config.go:32"
time="2024-12-10T21:48:24+03:00" level=info msg="create router" func="main.main()" file="app.go:26"
time="2024-12-10T21:48:24+03:00" level=info msg="read application configuration" func="tren3/internal/config.GetConfig.func1()" file="config.go:26"
time="2024-12-10T21:48:24+03:00" level=info func="tren3/internal/config.GetConfig.func1()" file="config.go:31"
time="2024-12-10T21:48:24+03:00" level=fatal msg="open tren3/pkg/logging/config.yml: The system cannot find the path specified." func="tren3/internal/config.GetConfig.func1()" file="config.go:32"
time="2024-12-10T21:48:42+03:00" level=info msg="create router" func="main.main()" file="app.go:26"
time="2024-12-10T21:48:42+03:00" level=info msg="read application configuration" func="tren3/internal/config.GetConfig.func1()" file="config.go:26"
time="2024-12-10T21:48:42+03:00" level=info func="tren3/internal/config.GetConfig.func1()" file="config.go:31"
time="2024-12-10T21:48:42+03:00" level=fatal msg="open pkg/logging/config.yml: The system cannot find the path specified." func="tren3/internal/config.GetConfig.func1()" file="config.go:32"
time="2024-12-10T21:48:50+03:00" level=info msg="create router" func="main.main()" file="app.go:26"
time="2024-12-10T21:48:50+03:00" level=info msg="read application configuration" func="tren3/internal/config.GetConfig.func1()" file="config.go:26"
time="2024-12-10T21:48:50+03:00" level=info func="tren3/internal/config.GetConfig.func1()" file="config.go:31"
time="2024-12-10T21:48:50+03:00" level=fatal msg="open config.yml: The system cannot find the file specified." func="tren3/internal/config.GetConfig.func1()" file="config.go:32"
time="2024-12-10T21:49:49+03:00" level=info msg="create router" func="main.main()" file="app.go:26"
time="2024-12-10T21:49:49+03:00" level=info msg="read application configuration" func="tren3/internal/config.GetConfig.func1()" file="config.go:26"
time="2024-12-10T21:49:49+03:00" level=info msg="register using handler" func="main.main()" file="app.go:31"
time="2024-12-10T21:49:49+03:00" level=info msg="start application" func="main.start()" file="app.go:41"
time="2024-12-10T21:49:49+03:00" level=info msg="create tcp" func="main.start()" file="app.go:59"
time="2024-12-10T21:49:49+03:00" level=info msg="server is listening port :10000" func="main.start()" file="app.go:74"
time="2024-12-10T21:51:15+03:00" level=info msg="create router" func="main.main()" file="app.go:26"
time="2024-12-10T21:51:15+03:00" level=info msg="read application configuration" func="tren3/internal/config.GetConfig.func1()" file="config.go:26"
time="2024-12-10T21:51:15+03:00" level=info msg="register using handler" func="main.main()" file="app.go:31"
time="2024-12-10T21:51:15+03:00" level=info msg="start application" func="main.start()" file="app.go:41"
time="2024-12-10T21:51:15+03:00" level=info msg="create tcp" func="main.start()" file="app.go:59"
time="2024-12-10T21:51:15+03:00" level=info msg="server is listening port :10000" func="main.start()" file="app.go:74"
time="2024-12-10T21:52:44+03:00" level=info msg="create router" func="main.main()" file="app.go:26"
time="2024-12-10T21:52:44+03:00" level=info msg="read application configuration" func="tren3/internal/config.GetConfig.func1()" file="config.go:26"
time="2024-12-10T21:52:44+03:00" level=info msg="register using handler" func="main.main()" file="app.go:31"
time="2024-12-10T21:52:44+03:00" level=info msg="start application" func="main.start()" file="app.go:41"
time="2024-12-10T21:52:44+03:00" level=info msg="create tcp" func="main.start()" file="app.go:59"
time="2024-12-10T21:52:44+03:00" level=info msg="server is listening port :10000" func="main.start()" file="app.go:74"
time="2024-12-10T21:54:09+03:00" level=info msg="create router" func="main.main()" file="app.go:26"
time="2024-12-10T21:54:09+03:00" level=info msg="read application configuration" func="tren3/internal/config.GetConfig.func1()" file="config.go:26"
time="2024-12-10T21:54:09+03:00" level=info msg="register using handler" func="main.main()" file="app.go:31"
time="2024-12-10T21:54:09+03:00" level=info msg="start application" func="main.start()" file="app.go:41"
time="2024-12-10T21:54:09+03:00" level=info msg="create tcp" func="main.start()" file="app.go:59"
time="2024-12-10T21:54:09+03:00" level=info msg="server is listening port :10000" func="main.start()" file="app.go:74"
time="2024-12-10T21:54:23+03:00" level=info msg="create router" func="main.main()" file="app.go:26"
time="2024-12-10T21:54:23+03:00" level=info msg="read application configuration" func="tren3/internal/config.GetConfig.func1()" file="config.go:26"
time="2024-12-10T21:54:23+03:00" level=info msg="register using handler" func="main.main()" file="app.go:31"
time="2024-12-10T21:54:23+03:00" level=info msg="start application" func="main.start()" file="app.go:41"
time="2024-12-10T21:54:23+03:00" level=info msg="create tcp" func="main.start()" file="app.go:59"
time="2024-12-10T21:54:23+03:00" level=info msg="server is listening port10000" func="main.start()" file="app.go:74"
time="2024-12-10T21:56:09+03:00" level=info msg="create router" func="main.main()" file="app.go:26"
time="2024-12-10T21:56:09+03:00" level=info msg="read application configuration" func="tren3/internal/config.GetConfig.func1()" file="config.go:26"
time="2024-12-10T21:56:09+03:00" level=info msg="register using handler" func="main.main()" file="app.go:31"
time="2024-12-10T21:56:09+03:00" level=info msg="start application" func="main.start()" file="app.go:41"
time="2024-12-10T21:56:09+03:00" level=info msg="create tcp" func="main.start()" file="app.go:59"
time="2024-12-10T21:56:09+03:00" level=info msg="server is listening port :10000" func="main.start()" file="app.go:74"
time="2024-12-10T21:57:35+03:00" level=info msg="create router" func="main.main()" file="app.go:26"
time="2024-12-10T21:57:35+03:00" level=info msg="read application configuration" func="tren3/internal/config.GetConfig.func1()" file="config.go:26"
time="2024-12-10T21:57:35+03:00" level=info msg="register using handler" func="main.main()" file="app.go:31"
time="2024-12-10T21:57:35+03:00" level=info msg="start application" func="main.start()" file="app.go:41"
time="2024-12-10T21:57:35+03:00" level=info msg="create tcp" func="main.start()" file="app.go:59"
time="2024-12-10T21:57:35+03:00" level=info msg="server is listening port :10000" func="main.start()" file="app.go:74"
time="2024-12-10T21:57:35+03:00" level=info func="main.start()" file="app.go:75"
time="2024-12-10T21:59:04+03:00" level=info msg="create router" func="main.main()" file="app.go:26"
time="2024-12-10T21:59:04+03:00" level=info msg="read application configuration" func="tren3/internal/config.GetConfig.func1()" file="config.go:26"
time="2024-12-10T21:59:04+03:00" level=info msg="register using handler" func="main.main()" file="app.go:31"
time="2024-12-10T21:59:04+03:00" level=info msg="start application" func="main.start()" file="app.go:41"
time="2024-12-10T21:59:04+03:00" level=info msg="create tcp" func="main.start()" file="app.go:59"
time="2024-12-10T21:59:04+03:00" level=info msg="server is listening port :10000" func="main.start()" file="app.go:74"
time="2024-12-10T21:59:04+03:00" level=info func="main.start()" file="app.go:75"
time="2024-12-10T22:01:10+03:00" level=info msg="create router" func="main.main()" file="app.go:26"
time="2024-12-10T22:01:10+03:00" level=info msg="read application configuration" func="tren3/internal/config.GetConfig.func1()" file="config.go:26"
time="2024-12-10T22:01:10+03:00" level=info msg="register using handler" func="main.main()" file="app.go:31"
time="2024-12-10T22:01:10+03:00" level=info msg="start application" func="main.start()" file="app.go:41"
time="2024-12-10T22:01:10+03:00" level=info msg="create tcp" func="main.start()" file="app.go:59"
time="2024-12-10T22:01:10+03:00" level=info msg="server is listening port :10000" func="main.start()" file="app.go:74"
time="2024-12-10T22:01:10+03:00" level=info func="main.start()" file="app.go:75"
time="2024-12-10T22:02:57+03:00" level=info msg="create router" func="main.main()" file="app.go:26"
time="2024-12-10T22:02:57+03:00" level=info msg="read application configuration" func="tren3/internal/config.GetConfig.func1()" file="config.go:26"
time="2024-12-10T22:02:57+03:00" level=info msg="register using handler" func="main.main()" file="app.go:31"
time="2024-12-10T22:02:57+03:00" level=info msg="start application" func="main.start()" file="app.go:41"
time="2024-12-10T22:02:57+03:00" level=info msg="create tcp" func="main.start()" file="app.go:59"
time="2024-12-10T22:02:57+03:00" level=info msg="server is listening on :10000" func="main.start()" file="app.go:74"
time="2024-12-10T22:02:57+03:00" level=info func="main.start()" file="app.go:75"
time="2024-12-10T22:04:30+03:00" level=info msg="create router" func="main.main()" file="app.go:26"
time="2024-12-10T22:04:30+03:00" level=info msg="read application configuration" func="tren3/internal/config.GetConfig.func1()" file="config.go:26"
time="2024-12-10T22:04:30+03:00" level=info msg="register using handler" func="main.main()" file="app.go:31"
time="2024-12-10T22:04:30+03:00" level=info msg="start application" func="main.start()" file="app.go:41"
time="2024-12-10T22:04:30+03:00" level=info msg="create tcp" func="main.start()" file="app.go:59"
time="2024-12-10T22:04:30+03:00" level=info msg="server is listening on :10000" func="main.start()" file="app.go:74"
time="2024-12-10T22:05:22+03:00" level=info msg="create router" func="main.main()" file="app.go:26"
time="2024-12-10T22:05:22+03:00" level=info msg="read application configuration" func="tren3/internal/config.GetConfig.func1()" file="config.go:26"
time="2024-12-10T22:05:22+03:00" level=info msg="register using handler" func="main.main()" file="app.go:31"
time="2024-12-10T22:05:22+03:00" level=info msg="start application" func="main.start()" file="app.go:41"
time="2024-12-10T22:05:22+03:00" level=info msg="create tcp" func="main.start()" file="app.go:59"
time="2024-12-10T22:05:22+03:00" level=info msg="server is listening on :10000" func="main.start()" file="app.go:74"
time="2024-12-10T22:10:39+03:00" level=info msg="create router" func="main.main()" file="app.go:26"
time="2024-12-10T22:10:39+03:00" level=info msg="read application configuration" func="tren3/internal/config.GetConfig.func1()" file="config.go:26"
time="2024-12-10T22:10:39+03:00" level=info msg="register using handler" func="main.main()" file="app.go:31"
time="2024-12-10T22:10:39+03:00" level=info msg="start application" func="main.start()" file="app.go:41"
time="2024-12-10T22:10:39+03:00" level=info msg="create socket" func="main.start()" file="app.go:51"
time="2024-12-10T22:10:39+03:00" level=debug msg="socket path: C:\\Users\\mavbr\\AppData\\Local\\Temp\\go-build3002211880\\b001\\exe/app.sock" func="main.start()" file="app.go:53"
time="2024-12-10T22:10:39+03:00" level=info msg="create unix socket" func="main.start()" file="app.go:55"
time="2024-12-10T22:10:39+03:00" level=info msg="server is listening on :" func="main.start()" file="app.go:74"
time="2024-12-10T22:15:44+03:00" level=info msg="create router" func="main.main()" file="app.go:26"
time="2024-12-10T22:15:44+03:00" level=info msg="read application configuration" func="tren3/internal/config.GetConfig.func1()" file="config.go:26"
time="2024-12-10T22:15:44+03:00" level=info msg="register using handler" func="main.main()" file="app.go:31"
time="2024-12-10T22:15:44+03:00" level=info msg="start application" func="main.start()" file="app.go:41"
time="2024-12-10T22:15:44+03:00" level=info msg="create socket" func="main.start()" file="app.go:51"
time="2024-12-10T22:15:44+03:00" level=debug msg="socket path: C:\\Users\\mavbr\\AppData\\Local\\Temp\\go-build565653215\\b001\\exe/app.sock" func="main.start()" file="app.go:53"
time="2024-12-10T22:15:44+03:00" level=info msg="create unix socket" func="main.start()" file="app.go:55"
time="2024-12-10T22:15:44+03:00" level=info msg="server is listening on :" func="main.start()" file="app.go:74"
time="2024-12-10T22:16:30+03:00" level=info msg="create router" func="main.main()" file="app.go:26"
time="2024-12-10T22:16:30+03:00" level=info msg="read application configuration" func="tren3/internal/config.GetConfig.func1()" file="config.go:26"
time="2024-12-10T22:16:30+03:00" level=info msg="register using handler" func="main.main()" file="app.go:31"
time="2024-12-10T22:16:30+03:00" level=info msg="start application" func="main.start()" file="app.go:41"
time="2024-12-10T22:16:30+03:00" level=info msg="detect app path" func="main.start()" file="app.go:47"
time="2024-12-10T22:16:30+03:00" level=info msg="create socket" func="main.start()" file="app.go:52"
time="2024-12-10T22:16:30+03:00" level=debug msg="socket path: C:\\Users\\mavbr\\AppData\\Local\\Temp\\go-build3939713051\\b001\\exe/app.sock" func="main.start()" file="app.go:54"
time="2024-12-10T22:16:30+03:00" level=info msg="create unix socket" func="main.start()" file="app.go:56"
time="2024-12-10T22:16:30+03:00" level=info msg="server is listening unix socket C:\\Users\\mavbr\\AppData\\Local\\Temp\\go-build3939713051\\b001\\exe/app.sock" func="main.start()" file="app.go:59"
